<?xml version="1.0" encoding="utf-8"?><testsuites name="pytest tests"><testsuite name="pytest" errors="0" failures="0" skipped="0" tests="17" time="4.696" timestamp="2026-05-22T05:01:01.833284+00:00" hostname="agent-env-1721fbc2-00d3-4136-9ab2-cb9fd70d73c9"><testcase classname="backend.tests.test_iteration5.TestLeadsCreate" name="test_create_lead_required_only_no_file" time="0.628" /><testcase classname="backend.tests.test_iteration5.TestLeadsCreate" name="test_create_lead_with_pdf_file" time="0.166" /><testcase classname="backend.tests.test_iteration5.TestLeadsCreate" name="test_create_lead_invalid_industry_422" time="0.104" /><testcase classname="backend.tests.test_iteration5.TestLeadsCreate" name="test_create_lead_short_description_422" time="0.101" /><testcase classname="backend.tests.test_iteration5.TestLeadsCreate" name="test_create_lead_unsupported_file_415" time="0.102" /><testcase classname="backend.tests.test_iteration5.TestLeadsAdminAccess" name="test_get_leads_unauthenticated_401" time="0.098" /><testcase classname="backend.tests.test_iteration5.TestLeadsAdminAccess" name="test_get_leads_as_admin_200" time="0.145" /><testcase classname="backend.tests.test_iteration5.TestLeadsAdminAccess" name="test_get_lead_detail_marks_viewed" time="0.112" /><testcase classname="backend.tests.test_iteration5.TestLeadsAdminAccess" name="test_get_lead_file_streams_pdf" time="0.243" /><testcase classname="backend.tests.test_iteration5.TestLeadsAdminAccess" name="test_patch_lead_status_closed" time="0.135" /><testcase classname="backend.tests.test_iteration5.TestLeadsAdminAccess" name="test_patch_lead_invalid_status_422" time="0.122" /><testcase classname="backend.tests.test_iteration5.TestUsersDeptPerms" name="test_create_user_with_dept_and_perms" time="0.328" /><testcase classname="backend.tests.test_iteration5.TestUsersDeptPerms" name="test_create_user_filters_invalid_perms" time="0.332" /><testcase classname="backend.tests.test_iteration5.TestUsersDeptPerms" name="test_create_user_invalid_dept_422" time="0.106" /><testcase classname="backend.tests.test_iteration5.TestUsersDeptPerms" name="test_patch_user_update_dept_perms" time="0.112" /><testcase classname="backend.tests.test_iteration5.TestPermissionGating" name="test_user_with_view_leads_can_get_leads" time="0.459" /><testcase classname="backend.tests.test_iteration5.TestPermissionGating" name="test_user_without_view_leads_gets_403" time="1.120" /></testsuite></testsuites>