<?xml version="1.0" encoding="utf-8"?><testsuites name="pytest tests"><testsuite name="pytest" errors="0" failures="0" skipped="0" tests="10" time="8.500" timestamp="2026-05-27T09:50:42.815176+00:00" hostname="agent-env-1721fbc2-00d3-4136-9ab2-cb9fd70d73c9"><testcase classname="backend.tests.test_iteration8" name="test_a_status_migration" time="0.583" /><testcase classname="backend.tests.test_iteration8" name="test_f_new_categories_persist" time="0.799" /><testcase classname="backend.tests.test_iteration8" name="test_b_stage_gates" time="0.984" /><testcase classname="backend.tests.test_iteration8" name="test_c_materials_crud" time="0.326" /><testcase classname="backend.tests.test_iteration8" name="test_d_customer_account" time="1.570" /><testcase classname="backend.tests.test_iteration8" name="test_d_no_email_returns_422" time="0.302" /><testcase classname="backend.tests.test_iteration8" name="test_k_dashboard_regression" time="0.226" /><testcase classname="backend.tests.test_iteration9_roundtrip" name="test_full_roundtrip_all_gates" time="2.785" /><testcase classname="backend.tests.test_iteration9_roundtrip" name="test_regression_dashboard_cms_leads_login" time="0.663" /><testcase classname="backend.tests.test_iteration9_roundtrip" name="test_legitimate_project_preserved" time="0.202" /></testsuite></testsuites>