<?xml version="1.0" encoding="utf-8"?><testsuites name="pytest tests"><testsuite name="pytest" errors="0" failures="3" skipped="0" tests="7" time="4.577" timestamp="2026-05-27T09:39:46.035246+00:00" hostname="agent-env-1721fbc2-00d3-4136-9ab2-cb9fd70d73c9"><testcase classname="backend.tests.test_iteration8" name="test_a_status_migration" time="0.637" /><testcase classname="backend.tests.test_iteration8" name="test_f_new_categories_persist" time="0.407"><failure message="AssertionError: Category coerced! expected=approval_drawing got=drawing&#10;assert 'drawing' == 'approval_drawing'&#10;  &#10;  - approval_drawing&#10;  + drawing">backend/tests/test_iteration8.py:74: in test_f_new_categories_persist
    assert body["category"] == cat, f"Category coerced! expected={cat} got={body['category']}"
E   AssertionError: Category coerced! expected=approval_drawing got=drawing
E   assert 'drawing' == 'approval_drawing'
E     
E     - approval_drawing
E     + drawing</failure></testcase><testcase classname="backend.tests.test_iteration8" name="test_b_stage_gates" time="0.977"><failure message="AssertionError: approval_drawing missing - cats=['drawing']&#10;assert 'approval_drawing' in ['drawing']">backend/tests/test_iteration8.py:108: in test_b_stage_gates
    assert "approval_drawing" in cats, f"approval_drawing missing - cats={cats}"
E   AssertionError: approval_drawing missing - cats=['drawing']
E   assert 'approval_drawing' in ['drawing']</failure></testcase><testcase classname="backend.tests.test_iteration8" name="test_c_materials_crud" time="0.114"><failure message="AssertionError: Internal Server Error&#10;assert 500 == 200&#10; +  where 500 = &lt;Response [500]&gt;.status_code">backend/tests/test_iteration8.py:124: in test_c_materials_crud
    assert r.status_code == 200, r.text
E   AssertionError: Internal Server Error
E   assert 500 == 200
E    +  where 500 = &lt;Response [500]&gt;.status_code</failure></testcase><testcase classname="backend.tests.test_iteration8" name="test_d_customer_account" time="1.748" /><testcase classname="backend.tests.test_iteration8" name="test_d_no_email_returns_422" time="0.309" /><testcase classname="backend.tests.test_iteration8" name="test_k_dashboard_regression" time="0.281" /></testsuite></testsuites>