<?xml version="1.0" encoding="utf-8"?><testsuites name="pytest tests"><testsuite name="pytest" errors="0" failures="0" skipped="0" tests="21" time="6.075" timestamp="2026-05-24T00:40:05.446148+00:00" hostname="agent-env-1721fbc2-00d3-4136-9ab2-cb9fd70d73c9"><testcase classname="backend.tests.test_iteration6.TestPublicCMS" name="test_public_get_returns_200[certifications]" time="0.139" /><testcase classname="backend.tests.test_iteration6.TestPublicCMS" name="test_public_get_returns_200[case-studies]" time="0.109" /><testcase classname="backend.tests.test_iteration6.TestPublicCMS" name="test_public_get_returns_200[client-groups]" time="0.105" /><testcase classname="backend.tests.test_iteration6.TestPublicCMS" name="test_public_get_returns_200[partners]" time="0.107" /><testcase classname="backend.tests.test_iteration6.TestPublicCMS" name="test_public_get_returns_200[contact-info]" time="0.108" /><testcase classname="backend.tests.test_iteration6.TestPublicCMS" name="test_public_get_returns_200[stats]" time="0.109" /><testcase classname="backend.tests.test_iteration6.TestStatsCMS" name="test_admin_list_requires_auth" time="0.120" /><testcase classname="backend.tests.test_iteration6.TestStatsCMS" name="test_admin_list_works" time="0.433" /><testcase classname="backend.tests.test_iteration6.TestStatsCMS" name="test_create_stat_requires_auth" time="0.116" /><testcase classname="backend.tests.test_iteration6.TestStatsCMS" name="test_create_stat" time="0.216" /><testcase classname="backend.tests.test_iteration6.TestStatsCMS" name="test_patch_stat" time="0.226" /><testcase classname="backend.tests.test_iteration6.TestStatsCMS" name="test_delete_stat" time="0.352" /><testcase classname="backend.tests.test_iteration6.TestProjectWorkflow" name="test_create_project_starts_draft" time="0.106" /><testcase classname="backend.tests.test_iteration6.TestProjectWorkflow" name="test_full_workflow_progression" time="1.161" /><testcase classname="backend.tests.test_iteration6.TestProjectWorkflow" name="test_archived_cannot_advance" time="0.123" /><testcase classname="backend.tests.test_iteration6.TestProjectWorkflow" name="test_reject_clears_pending" time="0.330" /><testcase classname="backend.tests.test_iteration6.TestProjectWorkflow" name="test_duplicate_request_advance_409" time="0.339" /><testcase classname="backend.tests.test_iteration6.TestProjectWorkflow" name="test_approve_without_pending_409" time="0.303" /><testcase classname="backend.tests.test_iteration6.TestProjectPhotoUpload" name="test_upload_photo_category" time="0.346" /><testcase classname="backend.tests.test_iteration6.TestLeadsRegression" name="test_post_lead_multipart_no_file" time="0.107" /><testcase classname="backend.tests.test_iteration6.TestAuthRegression" name="test_admin_login" time="1.024" /></testsuite></testsuites>