<?xml version="1.0" encoding="utf-8"?><testsuites name="pytest tests"><testsuite name="pytest" errors="0" failures="0" skipped="0" tests="17" time="7.453" timestamp="2026-05-22T03:44:30.939522+00:00" hostname="agent-env-1721fbc2-00d3-4136-9ab2-cb9fd70d73c9"><testcase classname="backend.tests.test_iteration4.TestShowcase" name="test_admin_toggle_showcase_on" time="2.103" /><testcase classname="backend.tests.test_iteration4.TestShowcase" name="test_user_role_can_toggle_showcase" time="0.117" /><testcase classname="backend.tests.test_iteration4.TestShowcase" name="test_customer_role_forbidden" time="0.116" /><testcase classname="backend.tests.test_iteration4.TestPublicCases" name="test_cases_public_no_auth" time="0.119" /><testcase classname="backend.tests.test_iteration4.TestPublicCases" name="test_cases_excludes_non_showcase" time="0.477" /><testcase classname="backend.tests.test_iteration4.TestFiles" name="test_upload_drawing_with_thumb" time="0.209" /><testcase classname="backend.tests.test_iteration4.TestFiles" name="test_upload_code_no_thumb" time="0.115" /><testcase classname="backend.tests.test_iteration4.TestFiles" name="test_default_category_is_drawing" time="0.122" /><testcase classname="backend.tests.test_iteration4.TestFiles" name="test_patch_file_display_name" time="1.172" /><testcase classname="backend.tests.test_iteration4.TestFiles" name="test_patch_file_category" time="0.113" /><testcase classname="backend.tests.test_iteration4.TestSelfProfile" name="test_update_full_name" time="0.116" /><testcase classname="backend.tests.test_iteration4.TestSelfProfile" name="test_change_password_missing_current" time="0.103" /><testcase classname="backend.tests.test_iteration4.TestSelfProfile" name="test_change_password_wrong_current" time="0.405" /><testcase classname="backend.tests.test_iteration4.TestSelfProfile" name="test_change_password_success" time="0.918" /><testcase classname="backend.tests.test_iteration4.TestSelfProfile" name="test_change_username_conflict" time="0.115" /><testcase classname="backend.tests.test_iteration4.TestRegression" name="test_public_lead" time="0.118" /><testcase classname="backend.tests.test_iteration4.TestRegression" name="test_login_still_works" time="0.718" /></testsuite></testsuites>