<?xml version="1.0" encoding="utf-8"?><testsuites name="pytest tests"><testsuite name="pytest" errors="0" failures="0" skipped="0" tests="24" time="6.278" timestamp="2026-05-22T03:12:36.924180+00:00" hostname="agent-env-1721fbc2-00d3-4136-9ab2-cb9fd70d73c9"><testcase classname="backend.tests.test_admin_api.TestAuth" name="test_login_admin_ok" time="0.504" /><testcase classname="backend.tests.test_admin_api.TestAuth" name="test_login_wrong_password" time="0.361" /><testcase classname="backend.tests.test_admin_api.TestAuth" name="test_login_unknown_user" time="0.117" /><testcase classname="backend.tests.test_admin_api.TestAuth" name="test_me_with_token" time="0.458" /><testcase classname="backend.tests.test_admin_api.TestAuth" name="test_me_without_token" time="0.113" /><testcase classname="backend.tests.test_admin_api.TestAuth" name="test_projects_no_token_unauthorized" time="0.125" /><testcase classname="backend.tests.test_admin_api.TestUsersAndRoles" name="test_admin_create_user_role" time="0.342" /><testcase classname="backend.tests.test_admin_api.TestUsersAndRoles" name="test_admin_create_customer_role" time="0.370" /><testcase classname="backend.tests.test_admin_api.TestUsersAndRoles" name="test_login_user_and_customer" time="0.721" /><testcase classname="backend.tests.test_admin_api.TestUsersAndRoles" name="test_non_admin_cannot_create_user" time="0.151" /><testcase classname="backend.tests.test_admin_api.TestUsersAndRoles" name="test_admin_cannot_delete_self" time="0.116" /><testcase classname="backend.tests.test_admin_api.TestProjectsAndFiles" name="test_admin_create_project_no_customer" time="0.125" /><testcase classname="backend.tests.test_admin_api.TestProjectsAndFiles" name="test_admin_create_project_for_customer" time="0.109" /><testcase classname="backend.tests.test_admin_api.TestProjectsAndFiles" name="test_non_admin_cannot_create_project" time="0.105" /><testcase classname="backend.tests.test_admin_api.TestProjectsAndFiles" name="test_user_role_sees_all_projects" time="0.098" /><testcase classname="backend.tests.test_admin_api.TestProjectsAndFiles" name="test_customer_role_sees_only_assigned" time="0.124" /><testcase classname="backend.tests.test_admin_api.TestProjectsAndFiles" name="test_customer_cannot_get_unassigned_project" time="0.140" /><testcase classname="backend.tests.test_admin_api.TestProjectsAndFiles" name="test_admin_patch_project" time="0.206" /><testcase classname="backend.tests.test_admin_api.TestProjectsAndFiles" name="test_admin_upload_file" time="0.232" /><testcase classname="backend.tests.test_admin_api.TestProjectsAndFiles" name="test_non_admin_cannot_upload_file" time="0.099" /><testcase classname="backend.tests.test_admin_api.TestProjectsAndFiles" name="test_admin_delete_file" time="0.260" /><testcase classname="backend.tests.test_admin_api.TestProjectsAndFiles" name="test_admin_delete_project" time="0.226" /><testcase classname="backend.tests.test_admin_api.TestPublicLeads" name="test_create_lead_no_auth" time="0.164" /><testcase classname="backend.tests.test_admin_api" name="test_zz_cleanup" time="0.680" /></testsuite></testsuites>