<?xml version="1.0" encoding="utf-8"?><testsuites name="pytest tests"><testsuite name="pytest" errors="0" failures="0" skipped="0" tests="10" time="1.573" timestamp="2026-05-20T01:03:50.756813+00:00" hostname="agent-env-1721fbc2-00d3-4136-9ab2-cb9fd70d73c9"><testcase classname="backend.tests.test_leads" name="test_health" time="0.219" /><testcase classname="backend.tests.test_leads" name="test_create_lead_and_persist" time="0.192" /><testcase classname="backend.tests.test_leads" name="test_leads_sorted_desc" time="0.144" /><testcase classname="backend.tests.test_leads" name="test_missing_required[name]" time="0.140" /><testcase classname="backend.tests.test_leads" name="test_missing_required[company]" time="0.109" /><testcase classname="backend.tests.test_leads" name="test_missing_required[industry]" time="0.104" /><testcase classname="backend.tests.test_leads" name="test_missing_required[plc_brand]" time="0.100" /><testcase classname="backend.tests.test_leads" name="test_missing_required[project_description]" time="0.103" /><testcase classname="backend.tests.test_leads" name="test_invalid_industry" time="0.171" /><testcase classname="backend.tests.test_leads" name="test_invalid_plc" time="0.116" /></testsuite></testsuites>